Created by PLY version 3.11 (http://www.dabeaz.com/ply)

Unused terminals:

    AVG
    BETWEEN
    COUNT
    DIVIDE
    EXISTS
    GROUP
    HAVING
    IN
    IS
    MAX
    MIN
    MINUS
    NULL
    PATTERN
    PERCENT
    PLUS
    SUM

Grammar

Rule 0     S' -> start
Rule 1     start -> select
Rule 2     start -> insert
Rule 3     start -> update
Rule 4     start -> delete
Rule 5     empty -> <empty>
Rule 6     select -> SELECT distinct select_columns FROM DATASOURCE into where order limit SIMICOLON
Rule 7     insert -> INSERT INTO DATASOURCE icolumn VALUES insert_values SIMICOLON
Rule 8     update -> UPDATE DATASOURCE SET assigns where SIMICOLON
Rule 9     delete -> DELETE FROM DATASOURCE where
Rule 10    logical -> EQUAL
Rule 11    logical -> NOTEQUAL
Rule 12    logical -> BIGGER_EQUAL
Rule 13    logical -> BIGGER
Rule 14    logical -> SMALLER_EQUAL
Rule 15    logical -> SMALLER
Rule 16    where -> WHERE conditions
Rule 17    where -> empty
Rule 18    conditions -> LPAREN conditions RPAREN
Rule 19    conditions -> conditions AND conditions
Rule 20    conditions -> conditions OR conditions
Rule 21    conditions -> exp LIKE STRING
Rule 22    conditions -> exp logical exp
Rule 23    conditions -> NOT conditions
Rule 24    exp -> STRING
Rule 25    exp -> COLNAME
Rule 26    distinct -> DISTINCT
Rule 27    distinct -> empty
Rule 28    column -> COLNUMBER
Rule 29    column -> COLNAME
Rule 30    columns -> columns COMMA columns
Rule 31    columns -> column
Rule 32    select_columns -> TIMES
Rule 33    select_columns -> columns
Rule 34    into -> INTO DATASOURCE
Rule 35    into -> empty
Rule 36    order -> ORDER BY column way
Rule 37    order -> empty
Rule 38    way -> ASC
Rule 39    way -> empty
Rule 40    way -> DESC
Rule 41    limit -> LIMIT NUMBER
Rule 42    limit -> empty
Rule 43    value -> STRING
Rule 44    value -> NUMBER
Rule 45    values -> value COMMA values
Rule 46    values -> value
Rule 47    single_values -> LPAREN values RPAREN
Rule 48    insert_values -> single_values COMMA insert_values
Rule 49    insert_values -> single_values
Rule 50    icolumn -> LPAREN columns RPAREN
Rule 51    icolumn -> empty
Rule 52    assign -> column EQUAL value
Rule 53    assigns -> assign COMMA assigns
Rule 54    assigns -> assign

Terminals, with rules where they appear

AND                  : 19
ASC                  : 38
AVG                  : 
BETWEEN              : 
BIGGER               : 13
BIGGER_EQUAL         : 12
BY                   : 36
COLNAME              : 25 29
COLNUMBER            : 28
COMMA                : 30 45 48 53
COUNT                : 
DATASOURCE           : 6 7 8 9 34
DELETE               : 9
DESC                 : 40
DISTINCT             : 26
DIVIDE               : 
EQUAL                : 10 52
EXISTS               : 
FROM                 : 6 9
GROUP                : 
HAVING               : 
IN                   : 
INSERT               : 7
INTO                 : 7 34
IS                   : 
LIKE                 : 21
LIMIT                : 41
LPAREN               : 18 47 50
MAX                  : 
MIN                  : 
MINUS                : 
NOT                  : 23
NOTEQUAL             : 11
NULL                 : 
NUMBER               : 41 44
OR                   : 20
ORDER                : 36
PATTERN              : 
PERCENT              : 
PLUS                 : 
RPAREN               : 18 47 50
SELECT               : 6
SET                  : 8
SIMICOLON            : 6 7 8
SMALLER              : 15
SMALLER_EQUAL        : 14
STRING               : 21 24 43
SUM                  : 
TIMES                : 32
UPDATE               : 8
VALUES               : 7
WHERE                : 16
error                : 

Nonterminals, with rules where they appear

assign               : 53 54
assigns              : 8 53
column               : 31 36 52
columns              : 30 30 33 50
conditions           : 16 18 19 19 20 20 23
delete               : 4
distinct             : 6
empty                : 17 27 35 37 39 42 51
exp                  : 21 22 22
icolumn              : 7
insert               : 2
insert_values        : 7 48
into                 : 6
limit                : 6
logical              : 22
order                : 6
select               : 1
select_columns       : 6
single_values        : 48 49
start                : 0
update               : 3
value                : 45 46 52
values               : 45 47
way                  : 36
where                : 6 8 9

Parsing method: LALR

state 0

    (0) S' -> . start
    (1) start -> . select
    (2) start -> . insert
    (3) start -> . update
    (4) start -> . delete
    (6) select -> . SELECT distinct select_columns FROM DATASOURCE into where order limit SIMICOLON
    (7) insert -> . INSERT INTO DATASOURCE icolumn VALUES insert_values SIMICOLON
    (8) update -> . UPDATE DATASOURCE SET assigns where SIMICOLON
    (9) delete -> . DELETE FROM DATASOURCE where

    SELECT          shift and go to state 6
    INSERT          shift and go to state 7
    UPDATE          shift and go to state 8
    DELETE          shift and go to state 9

    start                          shift and go to state 1
    select                         shift and go to state 2
    insert                         shift and go to state 3
    update                         shift and go to state 4
    delete                         shift and go to state 5

state 1

    (0) S' -> start .



state 2

    (1) start -> select .

    $end            reduce using rule 1 (start -> select .)


state 3

    (2) start -> insert .

    $end            reduce using rule 2 (start -> insert .)


state 4

    (3) start -> update .

    $end            reduce using rule 3 (start -> update .)


state 5

    (4) start -> delete .

    $end            reduce using rule 4 (start -> delete .)


state 6

    (6) select -> SELECT . distinct select_columns FROM DATASOURCE into where order limit SIMICOLON
    (26) distinct -> . DISTINCT
    (27) distinct -> . empty
    (5) empty -> .

    DISTINCT        shift and go to state 11
    TIMES           reduce using rule 5 (empty -> .)
    COLNUMBER       reduce using rule 5 (empty -> .)
    COLNAME         reduce using rule 5 (empty -> .)

    distinct                       shift and go to state 10
    empty                          shift and go to state 12

state 7

    (7) insert -> INSERT . INTO DATASOURCE icolumn VALUES insert_values SIMICOLON

    INTO            shift and go to state 13


state 8

    (8) update -> UPDATE . DATASOURCE SET assigns where SIMICOLON

    DATASOURCE      shift and go to state 14


state 9

    (9) delete -> DELETE . FROM DATASOURCE where

    FROM            shift and go to state 15


state 10

    (6) select -> SELECT distinct . select_columns FROM DATASOURCE into where order limit SIMICOLON
    (32) select_columns -> . TIMES
    (33) select_columns -> . columns
    (30) columns -> . columns COMMA columns
    (31) columns -> . column
    (28) column -> . COLNUMBER
    (29) column -> . COLNAME

    TIMES           shift and go to state 17
    COLNUMBER       shift and go to state 20
    COLNAME         shift and go to state 21

    select_columns                 shift and go to state 16
    columns                        shift and go to state 18
    column                         shift and go to state 19

state 11

    (26) distinct -> DISTINCT .

    TIMES           reduce using rule 26 (distinct -> DISTINCT .)
    COLNUMBER       reduce using rule 26 (distinct -> DISTINCT .)
    COLNAME         reduce using rule 26 (distinct -> DISTINCT .)


state 12

    (27) distinct -> empty .

    TIMES           reduce using rule 27 (distinct -> empty .)
    COLNUMBER       reduce using rule 27 (distinct -> empty .)
    COLNAME         reduce using rule 27 (distinct -> empty .)


state 13

    (7) insert -> INSERT INTO . DATASOURCE icolumn VALUES insert_values SIMICOLON

    DATASOURCE      shift and go to state 22


state 14

    (8) update -> UPDATE DATASOURCE . SET assigns where SIMICOLON

    SET             shift and go to state 23


state 15

    (9) delete -> DELETE FROM . DATASOURCE where

    DATASOURCE      shift and go to state 24


state 16

    (6) select -> SELECT distinct select_columns . FROM DATASOURCE into where order limit SIMICOLON

    FROM            shift and go to state 25


state 17

    (32) select_columns -> TIMES .

    FROM            reduce using rule 32 (select_columns -> TIMES .)


state 18

    (33) select_columns -> columns .
    (30) columns -> columns . COMMA columns

    FROM            reduce using rule 33 (select_columns -> columns .)
    COMMA           shift and go to state 26


state 19

    (31) columns -> column .

    COMMA           reduce using rule 31 (columns -> column .)
    FROM            reduce using rule 31 (columns -> column .)
    RPAREN          reduce using rule 31 (columns -> column .)


state 20

    (28) column -> COLNUMBER .

    COMMA           reduce using rule 28 (column -> COLNUMBER .)
    FROM            reduce using rule 28 (column -> COLNUMBER .)
    EQUAL           reduce using rule 28 (column -> COLNUMBER .)
    RPAREN          reduce using rule 28 (column -> COLNUMBER .)
    ASC             reduce using rule 28 (column -> COLNUMBER .)
    DESC            reduce using rule 28 (column -> COLNUMBER .)
    LIMIT           reduce using rule 28 (column -> COLNUMBER .)
    SIMICOLON       reduce using rule 28 (column -> COLNUMBER .)


state 21

    (29) column -> COLNAME .

    COMMA           reduce using rule 29 (column -> COLNAME .)
    FROM            reduce using rule 29 (column -> COLNAME .)
    EQUAL           reduce using rule 29 (column -> COLNAME .)
    RPAREN          reduce using rule 29 (column -> COLNAME .)
    ASC             reduce using rule 29 (column -> COLNAME .)
    DESC            reduce using rule 29 (column -> COLNAME .)
    LIMIT           reduce using rule 29 (column -> COLNAME .)
    SIMICOLON       reduce using rule 29 (column -> COLNAME .)


state 22

    (7) insert -> INSERT INTO DATASOURCE . icolumn VALUES insert_values SIMICOLON
    (50) icolumn -> . LPAREN columns RPAREN
    (51) icolumn -> . empty
    (5) empty -> .

    LPAREN          shift and go to state 28
    VALUES          reduce using rule 5 (empty -> .)

    icolumn                        shift and go to state 27
    empty                          shift and go to state 29

state 23

    (8) update -> UPDATE DATASOURCE SET . assigns where SIMICOLON
    (53) assigns -> . assign COMMA assigns
    (54) assigns -> . assign
    (52) assign -> . column EQUAL value
    (28) column -> . COLNUMBER
    (29) column -> . COLNAME

    COLNUMBER       shift and go to state 20
    COLNAME         shift and go to state 21

    assigns                        shift and go to state 30
    assign                         shift and go to state 31
    column                         shift and go to state 32

state 24

    (9) delete -> DELETE FROM DATASOURCE . where
    (16) where -> . WHERE conditions
    (17) where -> . empty
    (5) empty -> .

    WHERE           shift and go to state 34
    $end            reduce using rule 5 (empty -> .)

    where                          shift and go to state 33
    empty                          shift and go to state 35

state 25

    (6) select -> SELECT distinct select_columns FROM . DATASOURCE into where order limit SIMICOLON

    DATASOURCE      shift and go to state 36


state 26

    (30) columns -> columns COMMA . columns
    (30) columns -> . columns COMMA columns
    (31) columns -> . column
    (28) column -> . COLNUMBER
    (29) column -> . COLNAME

    COLNUMBER       shift and go to state 20
    COLNAME         shift and go to state 21

    columns                        shift and go to state 37
    column                         shift and go to state 19

state 27

    (7) insert -> INSERT INTO DATASOURCE icolumn . VALUES insert_values SIMICOLON

    VALUES          shift and go to state 38


state 28

    (50) icolumn -> LPAREN . columns RPAREN
    (30) columns -> . columns COMMA columns
    (31) columns -> . column
    (28) column -> . COLNUMBER
    (29) column -> . COLNAME

    COLNUMBER       shift and go to state 20
    COLNAME         shift and go to state 21

    columns                        shift and go to state 39
    column                         shift and go to state 19

state 29

    (51) icolumn -> empty .

    VALUES          reduce using rule 51 (icolumn -> empty .)


state 30

    (8) update -> UPDATE DATASOURCE SET assigns . where SIMICOLON
    (16) where -> . WHERE conditions
    (17) where -> . empty
    (5) empty -> .

    WHERE           shift and go to state 34
    SIMICOLON       reduce using rule 5 (empty -> .)

    where                          shift and go to state 40
    empty                          shift and go to state 35

state 31

    (53) assigns -> assign . COMMA assigns
    (54) assigns -> assign .

    COMMA           shift and go to state 41
    WHERE           reduce using rule 54 (assigns -> assign .)
    SIMICOLON       reduce using rule 54 (assigns -> assign .)


state 32

    (52) assign -> column . EQUAL value

    EQUAL           shift and go to state 42


state 33

    (9) delete -> DELETE FROM DATASOURCE where .

    $end            reduce using rule 9 (delete -> DELETE FROM DATASOURCE where .)


state 34

    (16) where -> WHERE . conditions
    (18) conditions -> . LPAREN conditions RPAREN
    (19) conditions -> . conditions AND conditions
    (20) conditions -> . conditions OR conditions
    (21) conditions -> . exp LIKE STRING
    (22) conditions -> . exp logical exp
    (23) conditions -> . NOT conditions
    (24) exp -> . STRING
    (25) exp -> . COLNAME

    LPAREN          shift and go to state 44
    NOT             shift and go to state 47
    STRING          shift and go to state 46
    COLNAME         shift and go to state 48

    conditions                     shift and go to state 43
    exp                            shift and go to state 45

state 35

    (17) where -> empty .

    $end            reduce using rule 17 (where -> empty .)
    SIMICOLON       reduce using rule 17 (where -> empty .)
    ORDER           reduce using rule 17 (where -> empty .)
    LIMIT           reduce using rule 17 (where -> empty .)


state 36

    (6) select -> SELECT distinct select_columns FROM DATASOURCE . into where order limit SIMICOLON
    (34) into -> . INTO DATASOURCE
    (35) into -> . empty
    (5) empty -> .

    INTO            shift and go to state 50
    WHERE           reduce using rule 5 (empty -> .)
    ORDER           reduce using rule 5 (empty -> .)
    LIMIT           reduce using rule 5 (empty -> .)
    SIMICOLON       reduce using rule 5 (empty -> .)

    into                           shift and go to state 49
    empty                          shift and go to state 51

state 37

    (30) columns -> columns COMMA columns .
    (30) columns -> columns . COMMA columns

  ! shift/reduce conflict for COMMA resolved as shift
    FROM            reduce using rule 30 (columns -> columns COMMA columns .)
    RPAREN          reduce using rule 30 (columns -> columns COMMA columns .)
    COMMA           shift and go to state 26

  ! COMMA           [ reduce using rule 30 (columns -> columns COMMA columns .) ]


state 38

    (7) insert -> INSERT INTO DATASOURCE icolumn VALUES . insert_values SIMICOLON
    (48) insert_values -> . single_values COMMA insert_values
    (49) insert_values -> . single_values
    (47) single_values -> . LPAREN values RPAREN

    LPAREN          shift and go to state 54

    insert_values                  shift and go to state 52
    single_values                  shift and go to state 53

state 39

    (50) icolumn -> LPAREN columns . RPAREN
    (30) columns -> columns . COMMA columns

    RPAREN          shift and go to state 55
    COMMA           shift and go to state 26


state 40

    (8) update -> UPDATE DATASOURCE SET assigns where . SIMICOLON

    SIMICOLON       shift and go to state 56


state 41

    (53) assigns -> assign COMMA . assigns
    (53) assigns -> . assign COMMA assigns
    (54) assigns -> . assign
    (52) assign -> . column EQUAL value
    (28) column -> . COLNUMBER
    (29) column -> . COLNAME

    COLNUMBER       shift and go to state 20
    COLNAME         shift and go to state 21

    assign                         shift and go to state 31
    assigns                        shift and go to state 57
    column                         shift and go to state 32

state 42

    (52) assign -> column EQUAL . value
    (43) value -> . STRING
    (44) value -> . NUMBER

    STRING          shift and go to state 59
    NUMBER          shift and go to state 60

    value                          shift and go to state 58

state 43

    (16) where -> WHERE conditions .
    (19) conditions -> conditions . AND conditions
    (20) conditions -> conditions . OR conditions

    $end            reduce using rule 16 (where -> WHERE conditions .)
    SIMICOLON       reduce using rule 16 (where -> WHERE conditions .)
    ORDER           reduce using rule 16 (where -> WHERE conditions .)
    LIMIT           reduce using rule 16 (where -> WHERE conditions .)
    AND             shift and go to state 61
    OR              shift and go to state 62


state 44

    (18) conditions -> LPAREN . conditions RPAREN
    (18) conditions -> . LPAREN conditions RPAREN
    (19) conditions -> . conditions AND conditions
    (20) conditions -> . conditions OR conditions
    (21) conditions -> . exp LIKE STRING
    (22) conditions -> . exp logical exp
    (23) conditions -> . NOT conditions
    (24) exp -> . STRING
    (25) exp -> . COLNAME

    LPAREN          shift and go to state 44
    NOT             shift and go to state 47
    STRING          shift and go to state 46
    COLNAME         shift and go to state 48

    conditions                     shift and go to state 63
    exp                            shift and go to state 45

state 45

    (21) conditions -> exp . LIKE STRING
    (22) conditions -> exp . logical exp
    (10) logical -> . EQUAL
    (11) logical -> . NOTEQUAL
    (12) logical -> . BIGGER_EQUAL
    (13) logical -> . BIGGER
    (14) logical -> . SMALLER_EQUAL
    (15) logical -> . SMALLER

    LIKE            shift and go to state 64
    EQUAL           shift and go to state 66
    NOTEQUAL        shift and go to state 67
    BIGGER_EQUAL    shift and go to state 68
    BIGGER          shift and go to state 69
    SMALLER_EQUAL   shift and go to state 70
    SMALLER         shift and go to state 71

    logical                        shift and go to state 65

state 46

    (24) exp -> STRING .

    LIKE            reduce using rule 24 (exp -> STRING .)
    EQUAL           reduce using rule 24 (exp -> STRING .)
    NOTEQUAL        reduce using rule 24 (exp -> STRING .)
    BIGGER_EQUAL    reduce using rule 24 (exp -> STRING .)
    BIGGER          reduce using rule 24 (exp -> STRING .)
    SMALLER_EQUAL   reduce using rule 24 (exp -> STRING .)
    SMALLER         reduce using rule 24 (exp -> STRING .)
    AND             reduce using rule 24 (exp -> STRING .)
    OR              reduce using rule 24 (exp -> STRING .)
    $end            reduce using rule 24 (exp -> STRING .)
    SIMICOLON       reduce using rule 24 (exp -> STRING .)
    ORDER           reduce using rule 24 (exp -> STRING .)
    LIMIT           reduce using rule 24 (exp -> STRING .)
    RPAREN          reduce using rule 24 (exp -> STRING .)


state 47

    (23) conditions -> NOT . conditions
    (18) conditions -> . LPAREN conditions RPAREN
    (19) conditions -> . conditions AND conditions
    (20) conditions -> . conditions OR conditions
    (21) conditions -> . exp LIKE STRING
    (22) conditions -> . exp logical exp
    (23) conditions -> . NOT conditions
    (24) exp -> . STRING
    (25) exp -> . COLNAME

    LPAREN          shift and go to state 44
    NOT             shift and go to state 47
    STRING          shift and go to state 46
    COLNAME         shift and go to state 48

    conditions                     shift and go to state 72
    exp                            shift and go to state 45

state 48

    (25) exp -> COLNAME .

    LIKE            reduce using rule 25 (exp -> COLNAME .)
    EQUAL           reduce using rule 25 (exp -> COLNAME .)
    NOTEQUAL        reduce using rule 25 (exp -> COLNAME .)
    BIGGER_EQUAL    reduce using rule 25 (exp -> COLNAME .)
    BIGGER          reduce using rule 25 (exp -> COLNAME .)
    SMALLER_EQUAL   reduce using rule 25 (exp -> COLNAME .)
    SMALLER         reduce using rule 25 (exp -> COLNAME .)
    AND             reduce using rule 25 (exp -> COLNAME .)
    OR              reduce using rule 25 (exp -> COLNAME .)
    $end            reduce using rule 25 (exp -> COLNAME .)
    SIMICOLON       reduce using rule 25 (exp -> COLNAME .)
    ORDER           reduce using rule 25 (exp -> COLNAME .)
    LIMIT           reduce using rule 25 (exp -> COLNAME .)
    RPAREN          reduce using rule 25 (exp -> COLNAME .)


state 49

    (6) select -> SELECT distinct select_columns FROM DATASOURCE into . where order limit SIMICOLON
    (16) where -> . WHERE conditions
    (17) where -> . empty
    (5) empty -> .

    WHERE           shift and go to state 34
    ORDER           reduce using rule 5 (empty -> .)
    LIMIT           reduce using rule 5 (empty -> .)
    SIMICOLON       reduce using rule 5 (empty -> .)

    where                          shift and go to state 73
    empty                          shift and go to state 35

state 50

    (34) into -> INTO . DATASOURCE

    DATASOURCE      shift and go to state 74


state 51

    (35) into -> empty .

    WHERE           reduce using rule 35 (into -> empty .)
    ORDER           reduce using rule 35 (into -> empty .)
    LIMIT           reduce using rule 35 (into -> empty .)
    SIMICOLON       reduce using rule 35 (into -> empty .)


state 52

    (7) insert -> INSERT INTO DATASOURCE icolumn VALUES insert_values . SIMICOLON

    SIMICOLON       shift and go to state 75


state 53

    (48) insert_values -> single_values . COMMA insert_values
    (49) insert_values -> single_values .

    COMMA           shift and go to state 76
    SIMICOLON       reduce using rule 49 (insert_values -> single_values .)


state 54

    (47) single_values -> LPAREN . values RPAREN
    (45) values -> . value COMMA values
    (46) values -> . value
    (43) value -> . STRING
    (44) value -> . NUMBER

    STRING          shift and go to state 59
    NUMBER          shift and go to state 60

    values                         shift and go to state 77
    value                          shift and go to state 78

state 55

    (50) icolumn -> LPAREN columns RPAREN .

    VALUES          reduce using rule 50 (icolumn -> LPAREN columns RPAREN .)


state 56

    (8) update -> UPDATE DATASOURCE SET assigns where SIMICOLON .

    $end            reduce using rule 8 (update -> UPDATE DATASOURCE SET assigns where SIMICOLON .)


state 57

    (53) assigns -> assign COMMA assigns .

    WHERE           reduce using rule 53 (assigns -> assign COMMA assigns .)
    SIMICOLON       reduce using rule 53 (assigns -> assign COMMA assigns .)


state 58

    (52) assign -> column EQUAL value .

    COMMA           reduce using rule 52 (assign -> column EQUAL value .)
    WHERE           reduce using rule 52 (assign -> column EQUAL value .)
    SIMICOLON       reduce using rule 52 (assign -> column EQUAL value .)


state 59

    (43) value -> STRING .

    COMMA           reduce using rule 43 (value -> STRING .)
    WHERE           reduce using rule 43 (value -> STRING .)
    SIMICOLON       reduce using rule 43 (value -> STRING .)
    RPAREN          reduce using rule 43 (value -> STRING .)


state 60

    (44) value -> NUMBER .

    COMMA           reduce using rule 44 (value -> NUMBER .)
    WHERE           reduce using rule 44 (value -> NUMBER .)
    SIMICOLON       reduce using rule 44 (value -> NUMBER .)
    RPAREN          reduce using rule 44 (value -> NUMBER .)


state 61

    (19) conditions -> conditions AND . conditions
    (18) conditions -> . LPAREN conditions RPAREN
    (19) conditions -> . conditions AND conditions
    (20) conditions -> . conditions OR conditions
    (21) conditions -> . exp LIKE STRING
    (22) conditions -> . exp logical exp
    (23) conditions -> . NOT conditions
    (24) exp -> . STRING
    (25) exp -> . COLNAME

    LPAREN          shift and go to state 44
    NOT             shift and go to state 47
    STRING          shift and go to state 46
    COLNAME         shift and go to state 48

    conditions                     shift and go to state 79
    exp                            shift and go to state 45

state 62

    (20) conditions -> conditions OR . conditions
    (18) conditions -> . LPAREN conditions RPAREN
    (19) conditions -> . conditions AND conditions
    (20) conditions -> . conditions OR conditions
    (21) conditions -> . exp LIKE STRING
    (22) conditions -> . exp logical exp
    (23) conditions -> . NOT conditions
    (24) exp -> . STRING
    (25) exp -> . COLNAME

    LPAREN          shift and go to state 44
    NOT             shift and go to state 47
    STRING          shift and go to state 46
    COLNAME         shift and go to state 48

    conditions                     shift and go to state 80
    exp                            shift and go to state 45

state 63

    (18) conditions -> LPAREN conditions . RPAREN
    (19) conditions -> conditions . AND conditions
    (20) conditions -> conditions . OR conditions

    RPAREN          shift and go to state 81
    AND             shift and go to state 61
    OR              shift and go to state 62


state 64

    (21) conditions -> exp LIKE . STRING

    STRING          shift and go to state 82


state 65

    (22) conditions -> exp logical . exp
    (24) exp -> . STRING
    (25) exp -> . COLNAME

    STRING          shift and go to state 46
    COLNAME         shift and go to state 48

    exp                            shift and go to state 83

state 66

    (10) logical -> EQUAL .

    STRING          reduce using rule 10 (logical -> EQUAL .)
    COLNAME         reduce using rule 10 (logical -> EQUAL .)


state 67

    (11) logical -> NOTEQUAL .

    STRING          reduce using rule 11 (logical -> NOTEQUAL .)
    COLNAME         reduce using rule 11 (logical -> NOTEQUAL .)


state 68

    (12) logical -> BIGGER_EQUAL .

    STRING          reduce using rule 12 (logical -> BIGGER_EQUAL .)
    COLNAME         reduce using rule 12 (logical -> BIGGER_EQUAL .)


state 69

    (13) logical -> BIGGER .

    STRING          reduce using rule 13 (logical -> BIGGER .)
    COLNAME         reduce using rule 13 (logical -> BIGGER .)


state 70

    (14) logical -> SMALLER_EQUAL .

    STRING          reduce using rule 14 (logical -> SMALLER_EQUAL .)
    COLNAME         reduce using rule 14 (logical -> SMALLER_EQUAL .)


state 71

    (15) logical -> SMALLER .

    STRING          reduce using rule 15 (logical -> SMALLER .)
    COLNAME         reduce using rule 15 (logical -> SMALLER .)


state 72

    (23) conditions -> NOT conditions .
    (19) conditions -> conditions . AND conditions
    (20) conditions -> conditions . OR conditions

  ! shift/reduce conflict for AND resolved as shift
  ! shift/reduce conflict for OR resolved as shift
    $end            reduce using rule 23 (conditions -> NOT conditions .)
    SIMICOLON       reduce using rule 23 (conditions -> NOT conditions .)
    ORDER           reduce using rule 23 (conditions -> NOT conditions .)
    LIMIT           reduce using rule 23 (conditions -> NOT conditions .)
    RPAREN          reduce using rule 23 (conditions -> NOT conditions .)
    AND             shift and go to state 61
    OR              shift and go to state 62

  ! AND             [ reduce using rule 23 (conditions -> NOT conditions .) ]
  ! OR              [ reduce using rule 23 (conditions -> NOT conditions .) ]


state 73

    (6) select -> SELECT distinct select_columns FROM DATASOURCE into where . order limit SIMICOLON
    (36) order -> . ORDER BY column way
    (37) order -> . empty
    (5) empty -> .

    ORDER           shift and go to state 85
    LIMIT           reduce using rule 5 (empty -> .)
    SIMICOLON       reduce using rule 5 (empty -> .)

    order                          shift and go to state 84
    empty                          shift and go to state 86

state 74

    (34) into -> INTO DATASOURCE .

    WHERE           reduce using rule 34 (into -> INTO DATASOURCE .)
    ORDER           reduce using rule 34 (into -> INTO DATASOURCE .)
    LIMIT           reduce using rule 34 (into -> INTO DATASOURCE .)
    SIMICOLON       reduce using rule 34 (into -> INTO DATASOURCE .)


state 75

    (7) insert -> INSERT INTO DATASOURCE icolumn VALUES insert_values SIMICOLON .

    $end            reduce using rule 7 (insert -> INSERT INTO DATASOURCE icolumn VALUES insert_values SIMICOLON .)


state 76

    (48) insert_values -> single_values COMMA . insert_values
    (48) insert_values -> . single_values COMMA insert_values
    (49) insert_values -> . single_values
    (47) single_values -> . LPAREN values RPAREN

    LPAREN          shift and go to state 54

    single_values                  shift and go to state 53
    insert_values                  shift and go to state 87

state 77

    (47) single_values -> LPAREN values . RPAREN

    RPAREN          shift and go to state 88


state 78

    (45) values -> value . COMMA values
    (46) values -> value .

    COMMA           shift and go to state 89
    RPAREN          reduce using rule 46 (values -> value .)


state 79

    (19) conditions -> conditions AND conditions .
    (19) conditions -> conditions . AND conditions
    (20) conditions -> conditions . OR conditions

  ! shift/reduce conflict for AND resolved as shift
  ! shift/reduce conflict for OR resolved as shift
    $end            reduce using rule 19 (conditions -> conditions AND conditions .)
    SIMICOLON       reduce using rule 19 (conditions -> conditions AND conditions .)
    ORDER           reduce using rule 19 (conditions -> conditions AND conditions .)
    LIMIT           reduce using rule 19 (conditions -> conditions AND conditions .)
    RPAREN          reduce using rule 19 (conditions -> conditions AND conditions .)
    AND             shift and go to state 61
    OR              shift and go to state 62

  ! AND             [ reduce using rule 19 (conditions -> conditions AND conditions .) ]
  ! OR              [ reduce using rule 19 (conditions -> conditions AND conditions .) ]


state 80

    (20) conditions -> conditions OR conditions .
    (19) conditions -> conditions . AND conditions
    (20) conditions -> conditions . OR conditions

  ! shift/reduce conflict for AND resolved as shift
  ! shift/reduce conflict for OR resolved as shift
    $end            reduce using rule 20 (conditions -> conditions OR conditions .)
    SIMICOLON       reduce using rule 20 (conditions -> conditions OR conditions .)
    ORDER           reduce using rule 20 (conditions -> conditions OR conditions .)
    LIMIT           reduce using rule 20 (conditions -> conditions OR conditions .)
    RPAREN          reduce using rule 20 (conditions -> conditions OR conditions .)
    AND             shift and go to state 61
    OR              shift and go to state 62

  ! AND             [ reduce using rule 20 (conditions -> conditions OR conditions .) ]
  ! OR              [ reduce using rule 20 (conditions -> conditions OR conditions .) ]


state 81

    (18) conditions -> LPAREN conditions RPAREN .

    AND             reduce using rule 18 (conditions -> LPAREN conditions RPAREN .)
    OR              reduce using rule 18 (conditions -> LPAREN conditions RPAREN .)
    $end            reduce using rule 18 (conditions -> LPAREN conditions RPAREN .)
    SIMICOLON       reduce using rule 18 (conditions -> LPAREN conditions RPAREN .)
    ORDER           reduce using rule 18 (conditions -> LPAREN conditions RPAREN .)
    LIMIT           reduce using rule 18 (conditions -> LPAREN conditions RPAREN .)
    RPAREN          reduce using rule 18 (conditions -> LPAREN conditions RPAREN .)


state 82

    (21) conditions -> exp LIKE STRING .

    AND             reduce using rule 21 (conditions -> exp LIKE STRING .)
    OR              reduce using rule 21 (conditions -> exp LIKE STRING .)
    $end            reduce using rule 21 (conditions -> exp LIKE STRING .)
    SIMICOLON       reduce using rule 21 (conditions -> exp LIKE STRING .)
    ORDER           reduce using rule 21 (conditions -> exp LIKE STRING .)
    LIMIT           reduce using rule 21 (conditions -> exp LIKE STRING .)
    RPAREN          reduce using rule 21 (conditions -> exp LIKE STRING .)


state 83

    (22) conditions -> exp logical exp .

    AND             reduce using rule 22 (conditions -> exp logical exp .)
    OR              reduce using rule 22 (conditions -> exp logical exp .)
    $end            reduce using rule 22 (conditions -> exp logical exp .)
    SIMICOLON       reduce using rule 22 (conditions -> exp logical exp .)
    ORDER           reduce using rule 22 (conditions -> exp logical exp .)
    LIMIT           reduce using rule 22 (conditions -> exp logical exp .)
    RPAREN          reduce using rule 22 (conditions -> exp logical exp .)


state 84

    (6) select -> SELECT distinct select_columns FROM DATASOURCE into where order . limit SIMICOLON
    (41) limit -> . LIMIT NUMBER
    (42) limit -> . empty
    (5) empty -> .

    LIMIT           shift and go to state 91
    SIMICOLON       reduce using rule 5 (empty -> .)

    limit                          shift and go to state 90
    empty                          shift and go to state 92

state 85

    (36) order -> ORDER . BY column way

    BY              shift and go to state 93


state 86

    (37) order -> empty .

    LIMIT           reduce using rule 37 (order -> empty .)
    SIMICOLON       reduce using rule 37 (order -> empty .)


state 87

    (48) insert_values -> single_values COMMA insert_values .

    SIMICOLON       reduce using rule 48 (insert_values -> single_values COMMA insert_values .)


state 88

    (47) single_values -> LPAREN values RPAREN .

    COMMA           reduce using rule 47 (single_values -> LPAREN values RPAREN .)
    SIMICOLON       reduce using rule 47 (single_values -> LPAREN values RPAREN .)


state 89

    (45) values -> value COMMA . values
    (45) values -> . value COMMA values
    (46) values -> . value
    (43) value -> . STRING
    (44) value -> . NUMBER

    STRING          shift and go to state 59
    NUMBER          shift and go to state 60

    value                          shift and go to state 78
    values                         shift and go to state 94

state 90

    (6) select -> SELECT distinct select_columns FROM DATASOURCE into where order limit . SIMICOLON

    SIMICOLON       shift and go to state 95


state 91

    (41) limit -> LIMIT . NUMBER

    NUMBER          shift and go to state 96


state 92

    (42) limit -> empty .

    SIMICOLON       reduce using rule 42 (limit -> empty .)


state 93

    (36) order -> ORDER BY . column way
    (28) column -> . COLNUMBER
    (29) column -> . COLNAME

    COLNUMBER       shift and go to state 20
    COLNAME         shift and go to state 21

    column                         shift and go to state 97

state 94

    (45) values -> value COMMA values .

    RPAREN          reduce using rule 45 (values -> value COMMA values .)


state 95

    (6) select -> SELECT distinct select_columns FROM DATASOURCE into where order limit SIMICOLON .

    $end            reduce using rule 6 (select -> SELECT distinct select_columns FROM DATASOURCE into where order limit SIMICOLON .)


state 96

    (41) limit -> LIMIT NUMBER .

    SIMICOLON       reduce using rule 41 (limit -> LIMIT NUMBER .)


state 97

    (36) order -> ORDER BY column . way
    (38) way -> . ASC
    (39) way -> . empty
    (40) way -> . DESC
    (5) empty -> .

    ASC             shift and go to state 99
    DESC            shift and go to state 101
    LIMIT           reduce using rule 5 (empty -> .)
    SIMICOLON       reduce using rule 5 (empty -> .)

    way                            shift and go to state 98
    empty                          shift and go to state 100

state 98

    (36) order -> ORDER BY column way .

    LIMIT           reduce using rule 36 (order -> ORDER BY column way .)
    SIMICOLON       reduce using rule 36 (order -> ORDER BY column way .)


state 99

    (38) way -> ASC .

    LIMIT           reduce using rule 38 (way -> ASC .)
    SIMICOLON       reduce using rule 38 (way -> ASC .)


state 100

    (39) way -> empty .

    LIMIT           reduce using rule 39 (way -> empty .)
    SIMICOLON       reduce using rule 39 (way -> empty .)


state 101

    (40) way -> DESC .

    LIMIT           reduce using rule 40 (way -> DESC .)
    SIMICOLON       reduce using rule 40 (way -> DESC .)

WARNING: 
WARNING: Conflicts:
WARNING: 
WARNING: shift/reduce conflict for COMMA in state 37 resolved as shift
WARNING: shift/reduce conflict for AND in state 72 resolved as shift
WARNING: shift/reduce conflict for OR in state 72 resolved as shift
WARNING: shift/reduce conflict for AND in state 79 resolved as shift
WARNING: shift/reduce conflict for OR in state 79 resolved as shift
WARNING: shift/reduce conflict for AND in state 80 resolved as shift
WARNING: shift/reduce conflict for OR in state 80 resolved as shift
